<?xml version="1.0" encoding="UTF-8"?>
<!-- Generated by org.testng.reporters.JUnitXMLReporter -->
<testsuite ignored="0" hostname="Jays-MacBook-Pro.local" failures="0" tests="6" name="Default test" time="0.131" errors="0" timestamp="2022-04-18T15:12:52 IST">
  <testcase classname="testNG.ThreadPoolSize" name="testThreadPools" time="0.025"/>
  <testcase classname="testNG.ThreadPoolSize" name="testThreadPools" time="0.027"/>
  <testcase classname="testNG.ThreadPoolSize" name="testThreadPools" time="0.025"/>
  <testcase classname="testNG.ThreadPoolSize" name="testWithOutThreadPool" time="0.002"/>
  <testcase classname="testNG.ThreadPoolSize" name="testWithOutThreadPool" time="0.001"/>
  <testcase classname="testNG.ThreadPoolSize" name="testWithOutThreadPool" time="0.001"/>
</testsuite> <!-- Default test -->
